# JRE version: OpenJDK Runtime Environment (8.0_212-b04) (build 1.8.0_212-release-1586-b04)
# Java VM: OpenJDK 64-Bit Server VM (25.212-b04 mixed mode windows-amd64 compressed oops)
Heap:
 PSYoungGen      total 141824K, used 4530K [0x00000000e0000000, 0x00000000e9500000, 0x0000000100000000)
  eden space 131072K, 3% used [0x00000000e0000000,0x00000000e046c968,0x00000000e8000000)
  from space 10752K, 0% used [0x00000000e8a80000,0x00000000e8a80000,0x00000000e9500000)
  to   space 10752K, 0% used [0x00000000e8000000,0x00000000e8000000,0x00000000e8a80000)
 ParOldGen       total 126976K, used 15186K [0x00000000a0000000, 0x00000000a7c00000, 0x00000000e0000000)
  object space 126976K, 11% used [0x00000000a0000000,0x00000000a0ed4b90,0x00000000a7c00000)
 Metaspace       used 34776K, capacity 35504K, committed 35840K, reserved 1081344K
  class space    used 4574K, capacity 4773K, committed 4864K, reserved 1048576K
GC Heap History (10 events):
Event: 3.087 GC heap before
{Heap before GC invocations=4 (full 0):
 PSYoungGen      total 76288K, used 15750K [0x00000000e0000000, 0x00000000e9500000, 0x0000000100000000)
  eden space 65536K, 7% used [0x00000000e0000000,0x00000000e04e6a90,0x00000000e4000000)
  from space 10752K, 99% used [0x00000000e4000000,0x00000000e4a7aee8,0x00000000e4a80000)
  to   space 10752K, 0% used [0x00000000e8a80000,0x00000000e8a80000,0x00000000e9500000)
 ParOldGen       total 175104K, used 1652K [0x00000000a0000000, 0x00000000aab00000, 0x00000000e0000000)
  object space 175104K, 0% used [0x00000000a0000000,0x00000000a019d098,0x00000000aab00000)
 Metaspace       used 20630K, capacity 21212K, committed 21296K, reserved 1067008K
  class space    used 2984K, capacity 3139K, committed 3200K, reserved 1048576K
Event: 3.094 GC heap after
Heap after GC invocations=4 (full 0):
 PSYoungGen      total 141824K, used 8707K [0x00000000e0000000, 0x00000000e9500000, 0x0000000100000000)
  eden space 131072K, 0% used [0x00000000e0000000,0x00000000e0000000,0x00000000e8000000)
  from space 10752K, 80% used [0x00000000e8a80000,0x00000000e9300f38,0x00000000e9500000)
  to   space 10752K, 0% used [0x00000000e8000000,0x00000000e8000000,0x00000000e8a80000)
 ParOldGen       total 175104K, used 1660K [0x00000000a0000000, 0x00000000aab00000, 0x00000000e0000000)
  object space 175104K, 0% used [0x00000000a0000000,0x00000000a019f098,0x00000000aab00000)
 Metaspace       used 20630K, capacity 21212K, committed 21296K, reserved 1067008K
  class space    used 2984K, capacity 3139K, committed 3200K, reserved 1048576K
}
Event: 3.094 GC heap before
{Heap before GC invocations=5 (full 1):
 PSYoungGen      total 141824K, used 8707K [0x00000000e0000000, 0x00000000e9500000, 0x0000000100000000)
  eden space 131072K, 0% used [0x00000000e0000000,0x00000000e0000000,0x00000000e8000000)
  from space 10752K, 80% used [0x00000000e8a80000,0x00000000e9300f38,0x00000000e9500000)
  to   space 10752K, 0% used [0x00000000e8000000,0x00000000e8000000,0x00000000e8a80000)
 ParOldGen       total 175104K, used 1660K [0x00000000a0000000, 0x00000000aab00000, 0x00000000e0000000)
  object space 175104K, 0% used [0x00000000a0000000,0x00000000a019f098,0x00000000aab00000)
 Metaspace       used 20630K, capacity 21212K, committed 21296K, reserved 1067008K
  class space    used 2984K, capacity 3139K, committed 3200K, reserved 1048576K
Event: 3.125 GC heap after
Heap after GC invocations=5 (full 1):
 PSYoungGen      total 141824K, used 0K [0x00000000e0000000, 0x00000000e9500000, 0x0000000100000000)
  eden space 131072K, 0% used [0x00000000e0000000,0x00000000e0000000,0x00000000e8000000)
  from space 10752K, 0% used [0x00000000e8a80000,0x00000000e8a80000,0x00000000e9500000)
  to   space 10752K, 0% used [0x00000000e8000000,0x00000000e8000000,0x00000000e8a80000)
 ParOldGen       total 90624K, used 8480K [0x00000000a0000000, 0x00000000a5880000, 0x00000000e0000000)
  object space 90624K, 9% used [0x00000000a0000000,0x00000000a08482e0,0x00000000a5880000)
 Metaspace       used 20630K, capacity 21212K, committed 21296K, reserved 1067008K
  class space    used 2984K, capacity 3139K, committed 3200K, reserved 1048576K
}
Event: 4.920 GC heap before
{Heap before GC invocations=6 (full 1):
 PSYoungGen      total 141824K, used 131072K [0x00000000e0000000, 0x00000000e9500000, 0x0000000100000000)
  eden space 131072K, 100% used [0x00000000e0000000,0x00000000e8000000,0x00000000e8000000)
  from space 10752K, 0% used [0x00000000e8a80000,0x00000000e8a80000,0x00000000e9500000)
  to   space 10752K, 0% used [0x00000000e8000000,0x00000000e8000000,0x00000000e8a80000)
 ParOldGen       total 90624K, used 8480K [0x00000000a0000000, 0x00000000a5880000, 0x00000000e0000000)
  object space 90624K, 9% used [0x00000000a0000000,0x00000000a08482e0,0x00000000a5880000)
 Metaspace       used 33200K, capacity 33826K, committed 33920K, reserved 1079296K
  class space    used 4465K, capacity 4663K, committed 4736K, reserved 1048576K
Event: 4.940 GC heap after
Heap after GC invocations=6 (full 1):
 PSYoungGen      total 141824K, used 10745K [0x00000000e0000000, 0x00000000e9500000, 0x0000000100000000)
  eden space 131072K, 0% used [0x00000000e0000000,0x00000000e0000000,0x00000000e8000000)
  from space 10752K, 99% used [0x00000000e8000000,0x00000000e8a7e758,0x00000000e8a80000)
  to   space 10752K, 0% used [0x00000000e8a80000,0x00000000e8a80000,0x00000000e9500000)
 ParOldGen       total 90624K, used 12111K [0x00000000a0000000, 0x00000000a5880000, 0x00000000e0000000)
  object space 90624K, 13% used [0x00000000a0000000,0x00000000a0bd3e90,0x00000000a5880000)
 Metaspace       used 33200K, capacity 33826K, committed 33920K, reserved 1079296K
  class space    used 4465K, capacity 4663K, committed 4736K, reserved 1048576K
}
Event: 5.143 GC heap before
{Heap before GC invocations=7 (full 1):
 PSYoungGen      total 141824K, used 29787K [0x00000000e0000000, 0x00000000e9500000, 0x0000000100000000)
  eden space 131072K, 14% used [0x00000000e0000000,0x00000000e1298740,0x00000000e8000000)
  from space 10752K, 99% used [0x00000000e8000000,0x00000000e8a7e758,0x00000000e8a80000)
  to   space 10752K, 0% used [0x00000000e8a80000,0x00000000e8a80000,0x00000000e9500000)
 ParOldGen       total 90624K, used 12111K [0x00000000a0000000, 0x00000000a5880000, 0x00000000e0000000)
  object space 90624K, 13% used [0x00000000a0000000,0x00000000a0bd3e90,0x00000000a5880000)
 Metaspace       used 34573K, capacity 35404K, committed 35496K, reserved 1079296K
  class space    used 4563K, capacity 4781K, committed 4864K, reserved 1048576K
Event: 5.150 GC heap after
Heap after GC invocations=7 (full 1):
 PSYoungGen      total 141824K, used 7489K [0x00000000e0000000, 0x00000000e9500000, 0x0000000100000000)
  eden space 131072K, 0% used [0x00000000e0000000,0x00000000e0000000,0x00000000e8000000)
  from space 10752K, 69% used [0x00000000e8a80000,0x00000000e91d0478,0x00000000e9500000)
  to   space 10752K, 0% used [0x00000000e8000000,0x00000000e8000000,0x00000000e8a80000)
 ParOldGen       total 90624K, used 12119K [0x00000000a0000000, 0x00000000a5880000, 0x00000000e0000000)
  object space 90624K, 13% used [0x00000000a0000000,0x00000000a0bd5e90,0x00000000a5880000)
 Metaspace       used 34573K, capacity 35404K, committed 35496K, reserved 1079296K
  class space    used 4563K, capacity 4781K, committed 4864K, reserved 1048576K
}
Event: 5.150 GC heap before
{Heap before GC invocations=8 (full 2):
 PSYoungGen      total 141824K, used 7489K [0x00000000e0000000, 0x00000000e9500000, 0x0000000100000000)
  eden space 131072K, 0% used [0x00000000e0000000,0x00000000e0000000,0x00000000e8000000)
  from space 10752K, 69% used [0x00000000e8a80000,0x00000000e91d0478,0x00000000e9500000)
  to   space 10752K, 0% used [0x00000000e8000000,0x00000000e8000000,0x00000000e8a80000)
 ParOldGen       total 90624K, used 12119K [0x00000000a0000000, 0x00000000a5880000, 0x00000000e0000000)
  object space 90624K, 13% used [0x00000000a0000000,0x00000000a0bd5e90,0x00000000a5880000)
 Metaspace       used 34573K, capacity 35404K, committed 35496K, reserved 1079296K
  class space    used 4563K, capacity 4781K, committed 4864K, reserved 1048576K
Event: 5.193 GC heap after
Heap after GC invocations=8 (full 2):
 PSYoungGen      total 141824K, used 0K [0x00000000e0000000, 0x00000000e9500000, 0x0000000100000000)
  eden space 131072K, 0% used [0x00000000e0000000,0x00000000e0000000,0x00000000e8000000)
  from space 10752K, 0% used [0x00000000e8a80000,0x00000000e8a80000,0x00000000e9500000)
  to   space 10752K, 0% used [0x00000000e8000000,0x00000000e8000000,0x00000000e8a80000)
 ParOldGen       total 126976K, used 15186K [0x00000000a0000000, 0x00000000a7c00000, 0x00000000e0000000)
  object space 126976K, 11% used [0x00000000a0000000,0x00000000a0ed4b90,0x00000000a7c00000)
 Metaspace       used 34527K, capacity 35300K, committed 35496K, reserved 1079296K
  class space    used 4551K, capacity 4769K, committed 4864K, reserved 1048576K
}

